netTrafficStats/proguard/seeds.txt
com.orderlong.netTrafficStats.NetTraffic
com.orderlong.netTrafficStats.NetTraffic: long getMobileTxPackets()
com.orderlong.netTrafficStats.NetTraffic: long getMobileRxPackets()
com.orderlong.netTrafficStats.NetTraffic: long getMobileTxBytes()
com.orderlong.netTrafficStats.NetTraffic: long getMobileRxBytes()
com.orderlong.netTrafficStats.NetTraffic: long getTotalTxPackets()
com.orderlong.netTrafficStats.NetTraffic: long getTotalRxPackets()
com.orderlong.netTrafficStats.NetTraffic: long getTotalTxBytes()
com.orderlong.netTrafficStats.NetTraffic: long getTotalRxBytes()
com.orderlong.netTrafficStats.NetTraffic: long getUidTxBytes(int)
com.orderlong.netTrafficStats.NetTraffic: long getUidRxBytes(int)
com.orderlong.netTrafficStats.NetTrafficStats
...
android.support.v4.app.FragmentActivity
android.support.v4.app.BackStackState
android.support.v4.app.BackStackState: android.os.Parcelable$Creator CREATOR
android.support.v4.app.FragmentManagerState
android.support.v4.app.FragmentManagerState: android.os.Parcelable$Creator CREATOR
android.support.v4.app.FragmentState
android.support.v4.app.FragmentState: android.os.Parcelable$Creator CREATOR