netTrafficStats/proguard/mapping.txt
com.orderlong.netTrafficStats.AppInfoItem -> com.orderlong.netTrafficStats.b:
    android.graphics.drawable.Drawable icon -> a
    java.lang.String name -> b
    int pid -> c
    long rxBytes -> d
    long txBytes -> e
    long oldrxBytes -> f
    android.graphics.drawable.Drawable getIcon() -> a
    void setIcon(android.graphics.drawable.Drawable) -> a
    java.lang.String getName() -> b
    void setName(java.lang.String) -> a
    int getPid() -> c
    void setPid(int) -> a
    void setRxBytes(long) -> a
    long getSpeed() -> f
    void setTxBytes(long) -> b
    java.lang.String getTxBytesFormat() -> d
    java.lang.String getRxBytesFormat() -> e
    java.lang.String formatBytes(long) -> c
    int compareTo(java.lang.Object) -> compareTo
com.orderlong.netTrafficStats.AppListAdapter -> com.orderlong.netTrafficStats.e:
    java.util.List list -> a
    android.view.LayoutInflater mInflater -> b
    java.util.Map viewMap -> c
    void setList(java.util.List) -> a
    int getCount() -> getCount
    java.lang.Object getItem(int) -> getItem
    long getItemId(int) -> getItemId
    android.view.View getView(int,android.view.View,android.view.ViewGroup) -> getView
com.orderlong.netTrafficStats.AppListAdapter$ViewHolder -> com.orderlong.netTrafficStats.f:
    android.widget.TextView txtAppName -> a
    android.widget.ImageView imgAppIcon -> b
    android.widget.TextView txtRxBytes -> c
    android.widget.TextView txtTxBytes -> d
com.orderlong.netTrafficStats.AsyncAppInfoLoader -> com.orderlong.netTrafficStats.a:
    android.support.v4.content.Loader$ForceLoadContentObserver mObserver -> d
    com.orderlong.netTrafficStats.TaskManager taskManager -> e
    java.util.List mData -> f
    void onContentChanged() -> a
    void deliverResult(java.lang.Object) -> a
    java.lang.Object loadInBackground() -> b
com.orderlong.netTrafficStats.NetTraffic -> com.orderlong.netTrafficStats.NetTraffic:
    long getTotalRxBytes() -> getTotalRxBytes
    long getUidTxBytes(int) -> getUidTxBytes
    long getUidRxBytes(int) -> getUidRxBytes
com.orderlong.netTrafficStats.NetTrafficStats -> com.orderlong.netTrafficStats.NetTrafficStats:
    com.orderlong.netTrafficStats.AppListAdapter adapter -> f
    android.widget.ListView appListView -> g
    android.app.ProgressDialog loadDialog -> h
    void onCreate(android.os.Bundle) -> onCreate
    boolean onCreatePanelMenu(int,android.view.Menu) -> onCreatePanelMenu
    boolean onMenuItemSelected(int,android.view.MenuItem) -> onMenuItemSelected
    android.app.ProgressDialog access$0(com.orderlong.netTrafficStats.NetTrafficStats) -> a
com.orderlong.netTrafficStats.NetTrafficStats$1 -> com.orderlong.netTrafficStats.c:
    com.orderlong.netTrafficStats.NetTrafficStats this$0 -> a
    android.support.v4.content.Loader onCreateLoader$e57f803() -> a
    void onLoaderReset$5dda1f52() -> b
    void onLoadFinished$13079eae(java.lang.Object) -> a
com.orderlong.netTrafficStats.TaskManager -> com.orderlong.netTrafficStats.d:
    android.content.Context context -> c
    boolean isRunning -> d
    java.util.List allAppItem -> a
    android.database.ContentObservable mContentObservable -> b
    com.orderlong.netTrafficStats.TaskManager instance -> e
    android.os.Handler mHandler -> f
    com.orderlong.netTrafficStats.TaskManager getInstance(android.content.Context) -> a
    java.util.List getAppInfoList() -> a
    android.os.Handler access$0(com.orderlong.netTrafficStats.TaskManager) -> a
com.orderlong.netTrafficStats.TaskManager$1 -> com.orderlong.netTrafficStats.g:
    com.orderlong.netTrafficStats.TaskManager this$0 -> a
    void handleMessage(android.os.Message) -> handleMessage
com.orderlong.netTrafficStats.TaskManager$CheckChangeTread -> com.orderlong.netTrafficStats.h:
    long totalRxBytes -> a
    long lastTotalRxBytes -> b
    com.orderlong.netTrafficStats.TaskManager this$0 -> c
    void run() -> run
...
android.support.v4.app.BackStackRecord -> android.support.v4.app.c:
    android.support.v4.app.FragmentManagerImpl mManager -> o
    android.support.v4.app.BackStackRecord$Op mHead -> a
    android.support.v4.app.BackStackRecord$Op mTail -> b
    int mNumOp -> c
    int mEnterAnim -> d
    int mExitAnim -> e
    int mTransition -> f
    int mTransitionStyle -> g
    boolean mAddToBackStack -> h
    boolean mAllowAddToBackStack -> p
    java.lang.String mName -> i
    boolean mCommitted -> q
    int mIndex -> j
    int mBreadCrumbTitleRes -> k
    java.lang.CharSequence mBreadCrumbTitleText -> l
    int mBreadCrumbShortTitleRes -> m
    java.lang.CharSequence mBreadCrumbShortTitleText -> n
    void dump$ec96877(java.lang.String,java.io.PrintWriter) -> a
    void bumpBackStackNesting(int) -> a
    void run() -> run
    void popFromBackStack$1385ff() -> a
android.support.v4.app.BackStackRecord$Op -> android.support.v4.app.g:
    android.support.v4.app.BackStackRecord$Op next -> a
    android.support.v4.app.BackStackRecord$Op prev -> b
    int cmd -> c
    android.support.v4.app.Fragment fragment -> d
    int enterAnim -> e
    int exitAnim -> f
    java.util.ArrayList removed -> g
android.support.v4.app.BackStackState -> android.support.v4.app.BackStackState:
    int[] mOps -> a
    int mTransition -> b
    int mTransitionStyle -> c
    java.lang.String mName -> d
    int mIndex -> e
    int mBreadCrumbTitleRes -> f
    java.lang.CharSequence mBreadCrumbTitleText -> g
    int mBreadCrumbShortTitleRes -> h
    java.lang.CharSequence mBreadCrumbShortTitleText -> i
    android.os.Parcelable$Creator CREATOR -> CREATOR
    android.support.v4.app.BackStackRecord instantiate(android.support.v4.app.FragmentManagerImpl) -> a
    int describeContents() -> describeContents
    void writeToParcel(android.os.Parcel,int) -> writeToParcel
android.support.v4.app.BackStackState$1 -> android.support.v4.app.h:
    java.lang.Object[] newArray(int) -> newArray
    java.lang.Object createFromParcel(android.os.Parcel) -> createFromParcel
android.support.v4.app.Fragment -> android.support.v4.app.u:
    java.util.HashMap sClassMap -> F
    int mState -> a
    android.view.View mAnimatingAway -> b
    int mStateAfterAnimating -> c
    android.os.Bundle mSavedFragmentState -> d
    android.util.SparseArray mSavedViewState -> e
    int mIndex -> f
    java.lang.String mWho -> G
    android.os.Bundle mArguments -> g
    android.support.v4.app.Fragment mTarget -> h
    int mTargetRequestCode -> i
    boolean mAdded -> j
    boolean mRemoving -> k
    boolean mResumed -> l
    boolean mFromLayout -> m
    boolean mInLayout -> n
    boolean mRestored -> o
    int mBackStackNesting -> p
    android.support.v4.app.FragmentManager mFragmentManager -> q
    android.support.v4.app.FragmentActivity mImmediateActivity -> r
    android.support.v4.app.FragmentActivity mActivity -> s
    int mFragmentId -> t
    int mContainerId -> u
    java.lang.String mTag -> v
    boolean mHidden -> w
    boolean mRetainInstance -> x
    boolean mRetaining -> y
    boolean mHasMenu -> z
    boolean mCalled -> A
    int mNextAnim -> B
    android.view.ViewGroup mContainer -> C
    android.view.View mView -> D
    android.view.View mInnerView -> E
    android.support.v4.app.LoaderManagerImpl mLoaderManager -> H
    boolean mLoadersStarted -> I
    boolean mCheckedForLoaderManager -> J
    android.support.v4.app.Fragment instantiate(android.content.Context,java.lang.String) -> a
android.support.v4.app.Fragment$InstantiationException -> android.support.v4.app.f: