netTrafficStats/proguard/usage.txt
com.orderlong.netTrafficStats.AppInfoItem:
    private java.lang.String packagename
    38:38:public java.lang.String getPackageName()
    43:44:public void setPackageName(java.lang.String)
    58:58:public long getRxBytes()
    69:69:public long getTxBytes()
com.orderlong.netTrafficStats.NetTraffic:
    public static final int UNSUPPORTED
    public static native long getMobileTxPackets()
    public static native long getMobileRxPackets()
    public static native long getMobileTxBytes()
    public static native long getMobileRxBytes()
    public static native long getTotalTxPackets()
    public static native long getTotalRxPackets()
    public static native long getTotalTxBytes()
com.orderlong.netTrafficStats.NetTrafficStats:
    public static final java.lang.String tag
com.orderlong.netTrafficStats.R
com.orderlong.netTrafficStats.R$attr
com.orderlong.netTrafficStats.R$drawable
com.orderlong.netTrafficStats.R$id
com.orderlong.netTrafficStats.R$layout
com.orderlong.netTrafficStats.R$menu
com.orderlong.netTrafficStats.R$string
com.orderlong.netTrafficStats.TaskManager:
    protected static final int MSG_BYTES_CHANGED
    62:63:public void unregisterContentObserver()
com.orderlong.netTrafficStats.TaskManager$MyFileObserver
...
android.support.v4.app.BackStackRecord:
    static final java.lang.String TAG
    static final int OP_NULL
    static final int OP_ADD
    static final int OP_REPLACE
    static final int OP_REMOVE
    static final int OP_HIDE
    static final int OP_SHOW
    267:267:public int getId()
    271:271:public int getBreadCrumbTitleRes()
    275:275:public int getBreadCrumbShortTitleRes()
    279:282:public java.lang.CharSequence getBreadCrumbTitle()
    286:289:public java.lang.CharSequence getBreadCrumbShortTitle()
    306:307:public android.support.v4.app.FragmentTransaction add(android.support.v4.app.Fragment,java.lang.String)
    311:312:public android.support.v4.app.FragmentTransaction add(int,android.support.v4.app.Fragment)
    316:317:public android.support.v4.app.FragmentTransaction add(int,android.support.v4.app.Fragment,java.lang.String)
    321:349:private void doAddOp(int,android.support.v4.app.Fragment,java.lang.String,int)
    352:352:public android.support.v4.app.FragmentTransaction replace(int,android.support.v4.app.Fragment)
    356:361:public android.support.v4.app.FragmentTransaction replace(int,android.support.v4.app.Fragment,java.lang.String)
    365:375:public android.support.v4.app.FragmentTransaction remove(android.support.v4.app.Fragment)
    379:388:public android.support.v4.app.FragmentTransaction hide(android.support.v4.app.Fragment)
    392:401:public android.support.v4.app.FragmentTransaction show(android.support.v4.app.Fragment)
android.support.v4.app.DialogFragment
android.support.v4.app.Fragment:
    static final int INITIALIZING
    static final int CREATED
    static final int ACTIVITY_CREATED
    static final int STARTED
    static final int RESUMED
    403:403:public final int getId()
    410:410:public final java.lang.String getTag()
    421:425:public void setArguments(android.os.Bundle)
    432:432:public final android.os.Bundle getArguments()
    447:449:public void setTargetFragment(android.support.v4.app.Fragment,int)
    455:455:public final android.support.v4.app.Fragment getTargetFragment()
    462:462:public final int getTargetRequestCode()
    476:479:public final android.content.res.Resources getResources()
    489:489:public final java.lang.CharSequence getText(int)
    499:499:public final java.lang.String getString(int)
    512:512:public final java.lang.String getString(int,java.lang.Object[])
    523:523:public final android.support.v4.app.FragmentManager getFragmentManager()
    530:530:public final boolean isAdded()
    539:539:public final boolean isRemoving()
    550:550:public final boolean isInLayout()
    558:558:public final boolean isResumed()
    567:567:public final boolean isVisible()
    579:579:public final boolean isHidden()
    607:608:public void setRetainInstance(boolean)
    611:611:public final boolean getRetainInstance()
    622:628:public void setHasOptionsMenu(boolean)
    634:642:public android.support.v4.app.LoaderManager getLoaderManager()
android.support.v4.app.FragmentActivity:
    private static final java.lang.String TAG
    private static final java.lang.String FRAGMENTS_TAG
    private static final int HONEYCOMB
    static final int MSG_REALLY_STOPPED
    549:570:public void dump(java.lang.String,java.io.FileDescriptor,java.io.PrintWriter,java.lang.String[])
    617:617:public android.support.v4.app.FragmentManager getSupportFragmentManager()
    637:645:public void startActivityFromFragment(android.support.v4.app.Fragment,android.content.Intent,int)
android.support.v4.app.FragmentActivity$FragmentTag:
    public static final int Fragment_id
    public static final int Fragment_name
    public static final int Fragment_tag